<html>
<head>
<title>TestNG:  Surefire test</title>
<link href="../testng.css" rel="stylesheet" type="text/css" />
<link href="../my-testng.css" rel="stylesheet" type="text/css" />

<style type="text/css">
.log { display: none;} 
.stack-trace { display: none;} 
</style>
<script type="text/javascript">
<!--
function flip(e) {
  current = e.style.display;
  if (current == 'block') {
    e.style.display = 'none';
    return 0;
  }
  else {
    e.style.display = 'block';
    return 1;
  }
}

function toggleBox(szDivId, elem, msg1, msg2)
{
  var res = -1;  if (document.getElementById) {
    res = flip(document.getElementById(szDivId));
  }
  else if (document.all) {
    // this is the way old msie versions work
    res = flip(document.all[szDivId]);
  }
  if(elem) {
    if(res == 0) elem.innerHTML = msg1; else elem.innerHTML = msg2;
  }

}

function toggleAllBoxes() {
  if (document.getElementsByTagName) {
    d = document.getElementsByTagName('div');
    for (i = 0; i < d.length; i++) {
      if (d[i].className == 'log') {
        flip(d[i]);
      }
    }
  }
}

// -->
</script>

</head>
<body>
<h2 align='center'>Surefire test</h2><table border='1' align="center">
<tr>
<td>Tests passed/Failed/Skipped:</td><td>11/2/0</td>
</tr><tr>
<td>Started on:</td><td>Thu Aug 03 13:38:52 EEST 2023</td>
</tr>
<tr><td>Total time:</td><td>322 seconds (322766 ms)</td>
</tr><tr>
<td>Included groups:</td><td></td>
</tr><tr>
<td>Excluded groups:</td><td></td>
</tr>
</table><p/>
<small><i>(Hover the method name to see the test class name)</i></small><p/>
<table width='100%' border='1' class='invocation-failed'>
<tr><td colspan='4' align='center'><b>FAILED TESTS</b></td></tr>
<tr><td><b>Test method</b></td>
<td><b>Attribute(s)</b></td>
<td width="30%"><b>Exception</b></td>
<td width="10%"><b>Time (seconds)</b></td>
<td><b>Instance</b></td>
</tr>
<tr>
<td title='org.example.runner.Runner.runScenario()'><b>runScenario</b><br>Test class: org.example.runner.Runner<br>Test method: Runs Cucumber Scenarios<br>Parameters: "guest user could register with valid data successfully", "F01_Register | users could register with new accounts"</td>
<td><div><pre>org.openqa.selenium.NoSuchElementException: Unable to find element with locator By.className: result
For documentation on this error, please visit: https://selenium.dev/exceptions/#no_such_element
Build info: version: &apos;4.9.1&apos;, revision: &apos;eb2032df7f&apos;
System info: os.name: &apos;Windows 10&apos;, os.arch: &apos;amd64&apos;, os.version: &apos;10.0&apos;, java.version: &apos;20.0.1&apos;
Driver info: driver.version: RemoteWebDriver
	at org.openqa.selenium.remote.ElementLocation$ElementFinder$2.findElement(ElementLocation.java:165)
	at org.openqa.selenium.remote.ElementLocation.findElement(ElementLocation.java:66)
	at org.openqa.selenium.remote.RemoteWebDriver.findElement(RemoteWebDriver.java:352)
	at org.openqa.selenium.remote.RemoteWebDriver.findElement(RemoteWebDriver.java:344)
	at org.example.pages.P01_register.SuccessMsgText(P01_register.java:36)
	at org.example.stepDef.D01_RegisterStepDef.successMessageIsDisplayed(D01_RegisterStepDef.java:55)
	at ✽.success message is displayed(file:///C:/Users/Nada/NopCommerce/src/main/resources/features/F01_Register.feature:11)
</pre></div><a href='#' onClick='toggleBox("stack-trace1908505175", this, "Click to show all stack frames", "Click to hide stack frames")'>Click to show all stack frames</a>
<div class='stack-trace' id='stack-trace1908505175'><pre>org.openqa.selenium.NoSuchElementException: Unable to find element with locator By.className: result
For documentation on this error, please visit: https://selenium.dev/exceptions/#no_such_element
Build info: version: &apos;4.9.1&apos;, revision: &apos;eb2032df7f&apos;
System info: os.name: &apos;Windows 10&apos;, os.arch: &apos;amd64&apos;, os.version: &apos;10.0&apos;, java.version: &apos;20.0.1&apos;
Driver info: driver.version: RemoteWebDriver
	at org.openqa.selenium.remote.ElementLocation$ElementFinder$2.findElement(ElementLocation.java:165)
	at org.openqa.selenium.remote.ElementLocation.findElement(ElementLocation.java:66)
	at org.openqa.selenium.remote.RemoteWebDriver.findElement(RemoteWebDriver.java:352)
	at org.openqa.selenium.remote.RemoteWebDriver.findElement(RemoteWebDriver.java:344)
	at org.example.pages.P01_register.SuccessMsgText(P01_register.java:36)
	at org.example.stepDef.D01_RegisterStepDef.successMessageIsDisplayed(D01_RegisterStepDef.java:55)
	at ✽.success message is displayed(file:///C:/Users/Nada/NopCommerce/src/main/resources/features/F01_Register.feature:11)
</pre></div></td>
<td>68</td>
<td>org.example.runner.Runner@4df50bcc</td></tr>
<tr>
<td title='org.example.runner.Runner.runScenario()'><b>runScenario</b><br>Test class: org.example.runner.Runner<br>Test method: Runs Cucumber Scenarios<br>Parameters: "user opens rss link", "Unknown"</td>
<td><div><pre>java.lang.IndexOutOfBoundsException: Index 1 out of bounds for length 1
	at java.base/jdk.internal.util.Preconditions.outOfBounds(Preconditions.java:100)
	at java.base/jdk.internal.util.Preconditions.outOfBoundsCheckIndex(Preconditions.java:106)
	at java.base/jdk.internal.util.Preconditions.checkIndex(Preconditions.java:302)
	at java.base/java.util.Objects.checkIndex(Objects.java:385)
	at java.base/java.util.ArrayList.get(ArrayList.java:427)
	at org.example.stepDef.D07_followUsStepDef.isOpenedInNewTab(D07_followUsStepDef.java:25)
	at ✽.&quot;https://demo.nopcommerce.com/new-online-store-is-open&quot; is opened in new tab(file:///C:/Users/Nada/NopCommerce/src/main/resources/features/F07_followUs.feature:15)
</pre></div><a href='#' onClick='toggleBox("stack-trace1797959612", this, "Click to show all stack frames", "Click to hide stack frames")'>Click to show all stack frames</a>
<div class='stack-trace' id='stack-trace1797959612'><pre>java.lang.IndexOutOfBoundsException: Index 1 out of bounds for length 1
	at java.base/jdk.internal.util.Preconditions.outOfBounds(Preconditions.java:100)
	at java.base/jdk.internal.util.Preconditions.outOfBoundsCheckIndex(Preconditions.java:106)
	at java.base/jdk.internal.util.Preconditions.checkIndex(Preconditions.java:302)
	at java.base/java.util.Objects.checkIndex(Objects.java:385)
	at java.base/java.util.ArrayList.get(ArrayList.java:427)
	at org.example.stepDef.D07_followUsStepDef.isOpenedInNewTab(D07_followUsStepDef.java:25)
	at ✽.&quot;https://demo.nopcommerce.com/new-online-store-is-open&quot; is opened in new tab(file:///C:/Users/Nada/NopCommerce/src/main/resources/features/F07_followUs.feature:15)
</pre></div></td>
<td>10</td>
<td>org.example.runner.Runner@4df50bcc</td></tr>
</table><p>
<table width='100%' border='1' class='invocation-passed'>
<tr><td colspan='4' align='center'><b>PASSED TESTS</b></td></tr>
<tr><td><b>Test method</b></td>
<td><b>Attribute(s)</b></td>
<td width="30%"><b>Exception</b></td>
<td width="10%"><b>Time (seconds)</b></td>
<td><b>Instance</b></td>
</tr>
<tr>
<td title='org.example.runner.Runner.runScenario()'><b>runScenario</b><br>Test class: org.example.runner.Runner<br>Test method: Runs Cucumber Scenarios<br>Parameters: "user opens youtube link", "Unknown"</td>
<td></td>
<td>42</td>
<td>org.example.runner.Runner@4df50bcc</td></tr>
<tr>
<td title='org.example.runner.Runner.runScenario()'><b>runScenario</b><br>Test class: org.example.runner.Runner<br>Test method: Runs Cucumber Scenarios<br>Parameters: "user could search using product name", "Unknown"</td>
<td></td>
<td>28</td>
<td>org.example.runner.Runner@4df50bcc</td></tr>
<tr>
<td title='org.example.runner.Runner.runScenario()'><b>runScenario</b><br>Test class: org.example.runner.Runner<br>Test method: Runs Cucumber Scenarios<br>Parameters: "user could search using product name", "Unknown"</td>
<td></td>
<td>14</td>
<td>org.example.runner.Runner@4df50bcc</td></tr>
<tr>
<td title='org.example.runner.Runner.runScenario()'><b>runScenario</b><br>Test class: org.example.runner.Runner<br>Test method: Runs Cucumber Scenarios<br>Parameters: "user opens twitter link", "Unknown"</td>
<td></td>
<td>20</td>
<td>org.example.runner.Runner@4df50bcc</td></tr>
<tr>
<td title='org.example.runner.Runner.runScenario()'><b>runScenario</b><br>Test class: org.example.runner.Runner<br>Test method: Runs Cucumber Scenarios<br>Parameters: "user could search with sku", "Unknown"</td>
<td></td>
<td>14</td>
<td>org.example.runner.Runner@4df50bcc</td></tr>
<tr>
<td title='org.example.runner.Runner.runScenario()'><b>runScenario</b><br>Test class: org.example.runner.Runner<br>Test method: Runs Cucumber Scenarios<br>Parameters: "user could search with sku", "Unknown"</td>
<td></td>
<td>17</td>
<td>org.example.runner.Runner@4df50bcc</td></tr>
<tr>
<td title='org.example.runner.Runner.runScenario()'><b>runScenario</b><br>Test class: org.example.runner.Runner<br>Test method: Runs Cucumber Scenarios<br>Parameters: "user opens facebook link", "Unknown"</td>
<td></td>
<td>16</td>
<td>org.example.runner.Runner@4df50bcc</td></tr>
<tr>
<td title='org.example.runner.Runner.runScenario()'><b>runScenario</b><br>Test class: org.example.runner.Runner<br>Test method: Runs Cucumber Scenarios<br>Parameters: "user login with invalid email and password", "F02_Login | users could use login functionality to use their accounts"</td>
<td></td>
<td>18</td>
<td>org.example.runner.Runner@4df50bcc</td></tr>
<tr>
<td title='org.example.runner.Runner.runScenario()'><b>runScenario</b><br>Test class: org.example.runner.Runner<br>Test method: Runs Cucumber Scenarios<br>Parameters: "user could search with sku", "Unknown"</td>
<td></td>
<td>19</td>
<td>org.example.runner.Runner@4df50bcc</td></tr>
<tr>
<td title='org.example.runner.Runner.runScenario()'><b>runScenario</b><br>Test class: org.example.runner.Runner<br>Test method: Runs Cucumber Scenarios<br>Parameters: "user could login with valid email and password", "F02_Login | users could use login functionality to use their accounts"</td>
<td></td>
<td>27</td>
<td>org.example.runner.Runner@4df50bcc</td></tr>
<tr>
<td title='org.example.runner.Runner.runScenario()'><b>runScenario</b><br>Test class: org.example.runner.Runner<br>Test method: Runs Cucumber Scenarios<br>Parameters: "user could search using product name", "Unknown"</td>
<td></td>
<td>19</td>
<td>org.example.runner.Runner@4df50bcc</td></tr>
</table><p>
</body>
</html>