<?xml version="1.0" encoding="UTF-8"?>
<testsuite name="Cucumber" time="317.953" tests="13" skipped="0" failures="2" errors="0">
<testcase classname="F01_Register | users could register with new accounts" name="guest user could register with valid data successfully" time="67.685">
<failure type="org.openqa.selenium.NoSuchElementException" message="Unable to find element with locator By.className: result
For documentation on this error, please visit: https://selenium.dev/exceptions/#no_such_element
Build info: version: '4.9.1', revision: 'eb2032df7f'
System info: os.name: 'Windows 10', os.arch: 'amd64', os.version: '10.0', java.version: '20.0.1'
Driver info: driver.version: RemoteWebDriver">
<![CDATA[org.openqa.selenium.NoSuchElementException: Unable to find element with locator By.className: result
For documentation on this error, please visit: https://selenium.dev/exceptions/#no_such_element
Build info: version: '4.9.1', revision: 'eb2032df7f'
System info: os.name: 'Windows 10', os.arch: 'amd64', os.version: '10.0', java.version: '20.0.1'
Driver info: driver.version: RemoteWebDriver
	at org.openqa.selenium.remote.ElementLocation$ElementFinder$2.findElement(ElementLocation.java:165)
	at org.openqa.selenium.remote.ElementLocation.findElement(ElementLocation.java:66)
	at org.openqa.selenium.remote.RemoteWebDriver.findElement(RemoteWebDriver.java:352)
	at org.openqa.selenium.remote.RemoteWebDriver.findElement(RemoteWebDriver.java:344)
	at org.example.pages.P01_register.SuccessMsgText(P01_register.java:36)
	at org.example.stepDef.D01_RegisterStepDef.successMessageIsDisplayed(D01_RegisterStepDef.java:55)
	at ✽.success message is displayed(file:///C:/Users/Nada/NopCommerce/src/main/resources/features/F01_Register.feature:11)
]]>
</failure>
<system-out><![CDATA[
Given user go to register page..............................................passed
When user select gender type................................................passed
And user enter first name "automation" and last name "tester"...............passed
And user enter date of birth................................................passed
And user enter email "test@example.com" field...............................passed
And user fills Password fields "P@ssw0rd" "P@ssw0rd"........................passed
And user clicks on register button..........................................passed
Then success message is displayed...........................................failed
]]></system-out>
</testcase>
<testcase classname="F02_Login | users could use login functionality to use their accounts" name="user could login with valid email and password" time="27.472">
<system-out><![CDATA[
Given user go to login page.................................................passed
When user login with valid "test@example.com" and "P@ssw0rd"................passed
And user press on login button..............................................passed
Then user login to the system successfully..................................passed
]]></system-out>
</testcase>
<testcase classname="F02_Login | users could use login functionality to use their accounts" name="user login with invalid email and password" time="18.043">
<system-out><![CDATA[
Given user go to login page.................................................passed
When user login with invalid "wrong@example.com" and "P@ssw0rd".............passed
And user press on login button..............................................passed
Then user could not login to the system.....................................passed
]]></system-out>
</testcase>
<testcase classname="" name="user could search using product name - Example #1.1" time="14.881">
<system-out><![CDATA[
When user enter product data "book".........................................passed
And user click on search button.............................................passed
Then user should see result about the "book"................................passed
]]></system-out>
</testcase>
<testcase classname="" name="user could search using product name - Example #1.2" time="28.173">
<system-out><![CDATA[
When user enter product data "laptop".......................................passed
And user click on search button.............................................passed
Then user should see result about the "laptop"..............................passed
]]></system-out>
</testcase>
<testcase classname="" name="user could search using product name - Example #1.3" time="19.19">
<system-out><![CDATA[
When user enter product data "nike".........................................passed
And user click on search button.............................................passed
Then user should see result about the "nike"................................passed
]]></system-out>
</testcase>
<testcase classname="" name="user could search with sku - Example #1.1" time="17.329">
<system-out><![CDATA[
When user enter product data "SCI_FAITH"....................................passed
And user click on search button.............................................passed
And user clicks on product..................................................passed
Then user check sku of product "SCI_FAITH"..................................passed
]]></system-out>
</testcase>
<testcase classname="" name="user could search with sku - Example #1.2" time="19.08">
<system-out><![CDATA[
When user enter product data "APPLE_CAM"....................................passed
And user click on search button.............................................passed
And user clicks on product..................................................passed
Then user check sku of product "APPLE_CAM"..................................passed
]]></system-out>
</testcase>
<testcase classname="" name="user could search with sku - Example #1.3" time="14.823">
<system-out><![CDATA[
When user enter product data "SF_PRO_11"....................................passed
And user click on search button.............................................passed
And user clicks on product..................................................passed
Then user check sku of product "SF_PRO_11"..................................passed
]]></system-out>
</testcase>
<testcase classname="" name="user opens facebook link" time="16.293">
<system-out><![CDATA[
When user click on facebook icon............................................passed
Then "https://www.facebook.com/nopCommerce" is opened in new tab............passed
]]></system-out>
</testcase>
<testcase classname="" name="user opens twitter link" time="20.337">
<system-out><![CDATA[
When user click on twitter icon.............................................passed
Then "https://twitter.com/nopCommerce" is opened in new tab.................passed
]]></system-out>
</testcase>
<testcase classname="" name="user opens rss link" time="10.585">
<failure type="java.lang.IndexOutOfBoundsException" message="Index 1 out of bounds for length 1">
<![CDATA[java.lang.IndexOutOfBoundsException: Index 1 out of bounds for length 1
	at java.base/jdk.internal.util.Preconditions.outOfBounds(Preconditions.java:100)
	at java.base/jdk.internal.util.Preconditions.outOfBoundsCheckIndex(Preconditions.java:106)
	at java.base/jdk.internal.util.Preconditions.checkIndex(Preconditions.java:302)
	at java.base/java.util.Objects.checkIndex(Objects.java:385)
	at java.base/java.util.ArrayList.get(ArrayList.java:427)
	at org.example.stepDef.D07_followUsStepDef.isOpenedInNewTab(D07_followUsStepDef.java:25)
	at ✽."https://demo.nopcommerce.com/new-online-store-is-open" is opened in new tab(file:///C:/Users/Nada/NopCommerce/src/main/resources/features/F07_followUs.feature:15)
]]>
</failure>
<system-out><![CDATA[
When user click on rss icon.................................................passed
Then "https://demo.nopcommerce.com/new-online-store-is-open" is opened in new tab.failed
]]></system-out>
</testcase>
<testcase classname="" name="user opens youtube link" time="42.433">
<system-out><![CDATA[
When user click on youtube icon.............................................passed
Then "https://www.youtube.com/user/nopCommerce" is opened in new tab........passed
]]></system-out>
</testcase>
</testsuite>
