<?xml version="1.0" encoding="UTF-8"?>
<!-- Generated by org.testng.reporters.JUnitReportReporter -->
<testsuite hostname="DESKTOP-RSOBBA0" failures="0" tests="13" name="org.example.runner.Runner" time="317.118" errors="2" timestamp="2023-08-03T13:44:18 EEST" skipped="0">
  <testcase classname="org.example.runner.Runner" name="runScenario" time="42.445"/>
  <system-out/>
  <testcase classname="org.example.runner.Runner" name="runScenario" time="14.896"/>
  <system-out/>
  <testcase classname="org.example.runner.Runner" name="runScenario" time="20.349"/>
  <system-out/>
  <testcase classname="org.example.runner.Runner" name="runScenario" time="17.341"/>
  <system-out/>
  <testcase classname="org.example.runner.Runner" name="runScenario" time="27.565"/>
  <system-out/>
  <testcase classname="org.example.runner.Runner" name="runScenario" time="19.207"/>
  <system-out/>
  <testcase classname="org.example.runner.Runner" name="runScenario" time="28.189"/>
  <system-out/>
  <testcase classname="org.example.runner.Runner" name="runScenario" time="68.236">
    <error message="Unable to find element with locator By.className: result
For documentation on this error, please visit: https://selenium.dev/exceptions/#no_such_element
Build info: version: &#039;4.9.1&#039;, revision: &#039;eb2032df7f&#039;
System info: os.name: &#039;Windows 10&#039;, os.arch: &#039;amd64&#039;, os.version: &#039;10.0&#039;, java.version: &#039;20.0.1&#039;
Driver info: driver.version: RemoteWebDriver" type="org.openqa.selenium.NoSuchElementException">
      <![CDATA[org.openqa.selenium.NoSuchElementException: Unable to find element with locator By.className: result
For documentation on this error, please visit: https://selenium.dev/exceptions/#no_such_element
Build info: version: '4.9.1', revision: 'eb2032df7f'
System info: os.name: 'Windows 10', os.arch: 'amd64', os.version: '10.0', java.version: '20.0.1'
Driver info: driver.version: RemoteWebDriver
at org.openqa.selenium.remote.ElementLocation$ElementFinder$2.findElement(ElementLocation.java:165)
at org.openqa.selenium.remote.ElementLocation.findElement(ElementLocation.java:66)
at org.openqa.selenium.remote.RemoteWebDriver.findElement(RemoteWebDriver.java:352)
at org.openqa.selenium.remote.RemoteWebDriver.findElement(RemoteWebDriver.java:344)
at org.example.pages.P01_register.SuccessMsgText(P01_register.java:36)
at org.example.stepDef.D01_RegisterStepDef.successMessageIsDisplayed(D01_RegisterStepDef.java:55)
at ✽.success message is displayed(file:///C:/Users/Nada/NopCommerce/src/main/resources/features/F01_Register.feature:11)
]]>
    </error>
  </testcase> <!-- runScenario -->
  <system-out/>
  <testcase classname="org.example.runner.Runner" name="runScenario" time="10.595">
    <error message="Index 1 out of bounds for length 1" type="java.lang.IndexOutOfBoundsException">
      <![CDATA[java.lang.IndexOutOfBoundsException: Index 1 out of bounds for length 1
at java.base/jdk.internal.util.Preconditions.outOfBounds(Preconditions.java:100)
at java.base/jdk.internal.util.Preconditions.outOfBoundsCheckIndex(Preconditions.java:106)
at java.base/jdk.internal.util.Preconditions.checkIndex(Preconditions.java:302)
at java.base/java.util.Objects.checkIndex(Objects.java:385)
at java.base/java.util.ArrayList.get(ArrayList.java:427)
at org.example.stepDef.D07_followUsStepDef.isOpenedInNewTab(D07_followUsStepDef.java:25)
at ✽."https://demo.nopcommerce.com/new-online-store-is-open" is opened in new tab(file:///C:/Users/Nada/NopCommerce/src/main/resources/features/F07_followUs.feature:15)
]]>
    </error>
  </testcase> <!-- runScenario -->
  <system-out/>
  <testcase classname="org.example.runner.Runner" name="runScenario" time="14.834"/>
  <system-out/>
  <testcase classname="org.example.runner.Runner" name="runScenario" time="16.308"/>
  <system-out/>
  <testcase classname="org.example.runner.Runner" name="runScenario" time="18.057"/>
  <system-out/>
  <testcase classname="org.example.runner.Runner" name="runScenario" time="19.096"/>
  <system-out/>
</testsuite> <!-- org.example.runner.Runner -->
